<?xml version="1.0" encoding="utf-8"?><testsuites name="pytest tests"><testsuite name="pytest" errors="0" failures="0" skipped="0" tests="6" time="0.020" timestamp="2026-04-09T17:33:31.307147-04:00" hostname="Adams-MacBook-Pro.local"><testcase classname="tests.unit.test_data_contracts" name="test_data_contract_files_exist" time="0.000" /><testcase classname="tests.unit.test_data_contracts" name="test_json_contract_files_are_parseable_and_have_expected_top_level_keys" time="0.000" /><testcase classname="tests.unit.test_data_contracts" name="test_data_files_are_neutral_and_example_content_lives_in_fixtures" time="0.000" /><testcase classname="tests.unit.test_data_contracts" name="test_schema_files_are_parseable_json" time="0.001" /><testcase classname="tests.unit.test_data_contracts" name="test_jsonl_memory_files_contain_one_json_object_per_line" time="0.000" /><testcase classname="tests.unit.test_package_import" name="test_package_exposes_module_name" time="0.000" /></testsuite></testsuites>